<?xml version="1.0" encoding="UTF-8"?>
<!-- Generated by org.testng.reporters.JUnitXMLReporter -->
<testsuite hostname="PC-20170517HOOD" ignored="2" tests="0" failures="0" timestamp="12 十二月 2018 09:24:49 GMT"
           time="0.006" errors="0">
    <testcase name="loginTest" time="0.0" classname="com.wang.cases.LoginTest">
        <ignored/>
    </testcase> <!-- loginTest -->
    <testcase name="loginTest2" time="0.0" classname="com.wang.cases.LoginTest">
        <ignored/>
    </testcase> <!-- loginTest2 -->
</testsuite>
