<?xml version="1.0" encoding="UTF-8"?>
<testng-results skipped="0" failed="0" ignored="0" total="2" passed="2">
  <reporter-output>
    <line>
      <![CDATA[uri地址http://wealth-qt-oauth.test.gqichina.com/user/login]]>
    </line>
    <line>
      <![CDATA[uri地址http://wealth-qt-oauth.test.gqichina.com/user/login]]>
    </line>
  </reporter-output>
  <suite name="Test" duration-ms="1229" started-at="2019-01-03T10:04:21Z" finished-at="2019-01-03T10:04:22Z">
    <groups>
      <group name="loginTrue">
        <method signature="LoginTest.loginTest()[pri:0, instance:com.wang.cases.LoginTest@370736d9]" name="loginTest" class="com.wang.cases.LoginTest"/>
        <method signature="QueryCustomerListTest.queryCustomerListTest()[pri:0, instance:com.wang.cases.QueryCustomerListTest@6b09bb57]" name="queryCustomerListTest" class="com.wang.cases.QueryCustomerListTest"/>
      </group> <!-- loginTrue -->
    </groups>
    <test name="Test" duration-ms="1229" started-at="2019-01-03T10:04:21Z" finished-at="2019-01-03T10:04:22Z">
      <class name="com.wang.cases.QueryCustomerListTest">
        <test-method status="PASS" signature="queryCustomerListTest()[pri:0, instance:com.wang.cases.QueryCustomerListTest@6b09bb57]" name="queryCustomerListTest" duration-ms="235" started-at="2019-01-03T10:04:22Z" description="获取用户列表" finished-at="2019-01-03T10:04:22Z">
          <reporter-output>
            <line>
              <![CDATA[uri地址http://wealth-qt-oauth.test.gqichina.com/user/login]]>
            </line>
          </reporter-output>
        </test-method> <!-- queryCustomerListTest -->
      </class> <!-- com.wang.cases.QueryCustomerListTest -->
      <class name="com.wang.cases.LoginTest">
        <test-method status="PASS" signature="loginTest()[pri:0, instance:com.wang.cases.LoginTest@370736d9]" name="loginTest" duration-ms="955" started-at="2019-01-03T10:04:21Z" description="测试登录成功" finished-at="2019-01-03T10:04:22Z">
          <reporter-output>
            <line>
              <![CDATA[uri地址http://wealth-qt-oauth.test.gqichina.com/user/login]]>
            </line>
          </reporter-output>
        </test-method> <!-- loginTest -->
      </class> <!-- com.wang.cases.LoginTest -->
    </test> <!-- Test -->
  </suite> <!-- Test -->
</testng-results>
